<?xml version="1.0" encoding="UTF-8"?>
<!-- Generated by org.testng.reporters.JUnitXMLReporter -->
<testsuite ignored="0" hostname="MUM-LAP-700276" failures="1" tests="1" name="Test" time="280.555" errors="0" timestamp="2021-03-16T13:43:01 IST">
  <testcase classname="io.cucumber.testng.AbstractTestNGCucumberTests" name="runScenario" time="279.478">
    <failure type="java.lang.NullPointerException">
      <![CDATA[java.lang.NullPointerException
at common.Utility.clickElement(Utility.java:213)
at common.CardsUtility.clickOnButton(CardsUtility.java:115)
at stepDefs.LoginFeature.userLogsInToGoWithUsernameAndRoles(LoginFeature.java:129)
at ✽.User logs in to Go with "IntelCardUser" username and "IntelRoles" roles(file:///D:/automation/Performance-Jmeter/Performance-Jmeter/src/test/resources/Features/Cards/Go/IntelCards.feature:7)
]]>
    </failure>
  </testcase> <!-- runScenario -->
</testsuite> <!-- Test -->
